{"timestamp":"2026-03-19T18:04:13.349157Z","level":"info","event":"Filling up the DagBag from /opt/airflow/dags/14_asset_dependent.py","logger":"airflow.models.dagbag.DagBag","filename":"dagbag.py","lineno":593}
{"timestamp":"2026-03-19T18:04:41.726242Z","level":"info","event":"Filling up the DagBag from /opt/airflow/dags/14_asset_dependent.py","logger":"airflow.models.dagbag.DagBag","filename":"dagbag.py","lineno":593}
{"timestamp":"2026-03-19T18:04:43.885228Z","level":"info","event":"Filling up the DagBag from /opt/airflow/dags/14_asset_dependent.py","logger":"airflow.models.dagbag.DagBag","filename":"dagbag.py","lineno":593}
{"timestamp":"2026-03-19T18:04:45.688716Z","level":"info","event":"Filling up the DagBag from /opt/airflow/dags/14_asset_dependent.py","logger":"airflow.models.dagbag.DagBag","filename":"dagbag.py","lineno":593}
{"timestamp":"2026-03-19T18:05:14.208694Z","level":"info","event":"Filling up the DagBag from /opt/airflow/dags/14_asset_dependent.py","logger":"airflow.models.dagbag.DagBag","filename":"dagbag.py","lineno":593}
{"timestamp":"2026-03-19T18:05:16.357265Z","level":"info","event":"Filling up the DagBag from /opt/airflow/dags/14_asset_dependent.py","logger":"airflow.models.dagbag.DagBag","filename":"dagbag.py","lineno":593}
{"timestamp":"2026-03-19T18:05:38.596632Z","level":"info","event":"Filling up the DagBag from /opt/airflow/dags/14_asset_dependent.py","logger":"airflow.models.dagbag.DagBag","filename":"dagbag.py","lineno":593}
{"timestamp":"2026-03-19T18:05:45.527408Z","level":"info","event":"Filling up the DagBag from /opt/airflow/dags/14_asset_dependent.py","logger":"airflow.models.dagbag.DagBag","filename":"dagbag.py","lineno":593}
{"timestamp":"2026-03-19T18:05:46.682996Z","level":"info","event":"Filling up the DagBag from /opt/airflow/dags/14_asset_dependent.py","logger":"airflow.models.dagbag.DagBag","filename":"dagbag.py","lineno":593}
{"timestamp":"2026-03-19T18:06:06.787552Z","level":"info","event":"Filling up the DagBag from /opt/airflow/dags/14_asset_dependent.py","logger":"airflow.models.dagbag.DagBag","filename":"dagbag.py","lineno":593}
{"timestamp":"2026-03-19T18:06:06.810805Z","level":"error","event":"Failed to import: /opt/airflow/dags/14_asset_dependent.py","logger":"airflow.models.dagbag.DagBag","filename":"dagbag.py","lineno":415,"error_detail":[{"exc_type":"SyntaxError","exc_value":"expected argument value expression (14_asset_dependent.py, line 6)","exc_notes":[],"syntax_error":{"offset":5,"filename":"/opt/airflow/dags/14_asset_dependent.py","line":"    schedule= ,\n","lineno":6,"msg":"expected argument value expression"},"is_cause":false,"frames":[{"filename":"/home/airflow/.local/lib/python3.12/site-packages/airflow/models/dagbag.py","lineno":405,"name":"parse"},{"filename":"<frozen importlib._bootstrap_external>","lineno":995,"name":"exec_module"},{"filename":"<frozen importlib._bootstrap_external>","lineno":1133,"name":"get_code"},{"filename":"<frozen importlib._bootstrap_external>","lineno":1063,"name":"source_to_code"},{"filename":"<frozen importlib._bootstrap>","lineno":488,"name":"_call_with_frames_removed"}],"is_group":false,"exceptions":[]}]}
{"timestamp":"2026-03-19T18:06:09.519966Z","level":"info","event":"Filling up the DagBag from /opt/airflow/dags/14_asset_dependent.py","logger":"airflow.models.dagbag.DagBag","filename":"dagbag.py","lineno":593}
{"timestamp":"2026-03-19T18:06:09.551352Z","level":"error","event":"Failed to import: /opt/airflow/dags/14_asset_dependent.py","logger":"airflow.models.dagbag.DagBag","filename":"dagbag.py","lineno":415,"error_detail":[{"exc_type":"NameError","exc_value":"name 'fetvh' is not defined","exc_notes":[],"syntax_error":null,"is_cause":false,"frames":[{"filename":"/home/airflow/.local/lib/python3.12/site-packages/airflow/models/dagbag.py","lineno":405,"name":"parse"},{"filename":"<frozen importlib._bootstrap_external>","lineno":999,"name":"exec_module"},{"filename":"<frozen importlib._bootstrap>","lineno":488,"name":"_call_with_frames_removed"},{"filename":"/opt/airflow/dags/14_asset_dependent.py","lineno":6,"name":"<module>"}],"is_group":false,"exceptions":[]}]}
{"timestamp":"2026-03-19T18:06:12.276321Z","level":"info","event":"Filling up the DagBag from /opt/airflow/dags/14_asset_dependent.py","logger":"airflow.models.dagbag.DagBag","filename":"dagbag.py","lineno":593}
{"timestamp":"2026-03-19T18:06:12.298728Z","level":"error","event":"Failed to import: /opt/airflow/dags/14_asset_dependent.py","logger":"airflow.models.dagbag.DagBag","filename":"dagbag.py","lineno":415,"error_detail":[{"exc_type":"NameError","exc_value":"name 'fetch' is not defined","exc_notes":[],"syntax_error":null,"is_cause":false,"frames":[{"filename":"/home/airflow/.local/lib/python3.12/site-packages/airflow/models/dagbag.py","lineno":405,"name":"parse"},{"filename":"<frozen importlib._bootstrap_external>","lineno":999,"name":"exec_module"},{"filename":"<frozen importlib._bootstrap>","lineno":488,"name":"_call_with_frames_removed"},{"filename":"/opt/airflow/dags/14_asset_dependent.py","lineno":6,"name":"<module>"}],"is_group":false,"exceptions":[]}]}
{"timestamp":"2026-03-19T18:06:15.606063Z","level":"info","event":"Filling up the DagBag from /opt/airflow/dags/14_asset_dependent.py","logger":"airflow.models.dagbag.DagBag","filename":"dagbag.py","lineno":593}
{"timestamp":"2026-03-19T18:06:15.635352Z","level":"error","event":"Failed to import: /opt/airflow/dags/14_asset_dependent.py","logger":"airflow.models.dagbag.DagBag","filename":"dagbag.py","lineno":415,"error_detail":[{"exc_type":"NameError","exc_value":"name 'fetch_data' is not defined","exc_notes":[],"syntax_error":null,"is_cause":false,"frames":[{"filename":"/home/airflow/.local/lib/python3.12/site-packages/airflow/models/dagbag.py","lineno":405,"name":"parse"},{"filename":"<frozen importlib._bootstrap_external>","lineno":999,"name":"exec_module"},{"filename":"<frozen importlib._bootstrap>","lineno":488,"name":"_call_with_frames_removed"},{"filename":"/opt/airflow/dags/14_asset_dependent.py","lineno":6,"name":"<module>"}],"is_group":false,"exceptions":[]}]}
{"timestamp":"2026-03-19T18:06:16.757514Z","level":"info","event":"Filling up the DagBag from /opt/airflow/dags/14_asset_dependent.py","logger":"airflow.models.dagbag.DagBag","filename":"dagbag.py","lineno":593}
{"timestamp":"2026-03-19T18:06:16.774022Z","level":"error","event":"Failed to import: /opt/airflow/dags/14_asset_dependent.py","logger":"airflow.models.dagbag.DagBag","filename":"dagbag.py","lineno":415,"error_detail":[{"exc_type":"SyntaxError","exc_value":"invalid syntax (14_asset_dependent.py, line 6)","exc_notes":[],"syntax_error":{"offset":26,"filename":"/opt/airflow/dags/14_asset_dependent.py","line":"    schedule= fetch_data,,\n","lineno":6,"msg":"invalid syntax"},"is_cause":false,"frames":[{"filename":"/home/airflow/.local/lib/python3.12/site-packages/airflow/models/dagbag.py","lineno":405,"name":"parse"},{"filename":"<frozen importlib._bootstrap_external>","lineno":995,"name":"exec_module"},{"filename":"<frozen importlib._bootstrap_external>","lineno":1133,"name":"get_code"},{"filename":"<frozen importlib._bootstrap_external>","lineno":1063,"name":"source_to_code"},{"filename":"<frozen importlib._bootstrap>","lineno":488,"name":"_call_with_frames_removed"}],"is_group":false,"exceptions":[]}]}
{"timestamp":"2026-03-19T18:06:19.045019Z","level":"info","event":"Filling up the DagBag from /opt/airflow/dags/14_asset_dependent.py","logger":"airflow.models.dagbag.DagBag","filename":"dagbag.py","lineno":593}
{"timestamp":"2026-03-19T18:06:19.088494Z","level":"error","event":"Failed to import: /opt/airflow/dags/14_asset_dependent.py","logger":"airflow.models.dagbag.DagBag","filename":"dagbag.py","lineno":415,"error_detail":[{"exc_type":"NameError","exc_value":"name 'fetch_data' is not defined","exc_notes":[],"syntax_error":null,"is_cause":false,"frames":[{"filename":"/home/airflow/.local/lib/python3.12/site-packages/airflow/models/dagbag.py","lineno":405,"name":"parse"},{"filename":"<frozen importlib._bootstrap_external>","lineno":999,"name":"exec_module"},{"filename":"<frozen importlib._bootstrap>","lineno":488,"name":"_call_with_frames_removed"},{"filename":"/opt/airflow/dags/14_asset_dependent.py","lineno":6,"name":"<module>"}],"is_group":false,"exceptions":[]}]}
{"timestamp":"2026-03-19T18:06:36.642789Z","level":"info","event":"Filling up the DagBag from /opt/airflow/dags/14_asset_dependent.py","logger":"airflow.models.dagbag.DagBag","filename":"dagbag.py","lineno":593}
{"timestamp":"2026-03-19T18:06:36.675326Z","level":"error","event":"Failed to import: /opt/airflow/dags/14_asset_dependent.py","logger":"airflow.models.dagbag.DagBag","filename":"dagbag.py","lineno":415,"error_detail":[{"exc_type":"NameError","exc_value":"name 'fetch_data' is not defined","exc_notes":[],"syntax_error":null,"is_cause":false,"frames":[{"filename":"/home/airflow/.local/lib/python3.12/site-packages/airflow/models/dagbag.py","lineno":405,"name":"parse"},{"filename":"<frozen importlib._bootstrap_external>","lineno":999,"name":"exec_module"},{"filename":"<frozen importlib._bootstrap>","lineno":488,"name":"_call_with_frames_removed"},{"filename":"/opt/airflow/dags/14_asset_dependent.py","lineno":7,"name":"<module>"}],"is_group":false,"exceptions":[]}]}
{"timestamp":"2026-03-19T18:06:42.577255Z","level":"info","event":"Filling up the DagBag from /opt/airflow/dags/14_asset_dependent.py","logger":"airflow.models.dagbag.DagBag","filename":"dagbag.py","lineno":593}
{"timestamp":"2026-03-19T18:06:42.590490Z","level":"error","event":"Failed to import: /opt/airflow/dags/14_asset_dependent.py","logger":"airflow.models.dagbag.DagBag","filename":"dagbag.py","lineno":415,"error_detail":[{"exc_type":"SyntaxError","exc_value":"invalid decimal literal (14_asset_dependent.py, line 4)","exc_notes":[],"syntax_error":{"offset":8,"filename":"/opt/airflow/dags/14_asset_dependent.py","line":"from 13_asset import fetch_data","lineno":4,"msg":"invalid decimal literal"},"is_cause":false,"frames":[{"filename":"/home/airflow/.local/lib/python3.12/site-packages/airflow/models/dagbag.py","lineno":405,"name":"parse"},{"filename":"<frozen importlib._bootstrap_external>","lineno":995,"name":"exec_module"},{"filename":"<frozen importlib._bootstrap_external>","lineno":1133,"name":"get_code"},{"filename":"<frozen importlib._bootstrap_external>","lineno":1063,"name":"source_to_code"},{"filename":"<frozen importlib._bootstrap>","lineno":488,"name":"_call_with_frames_removed"}],"is_group":false,"exceptions":[]}]}
{"timestamp":"2026-03-19T18:07:10.340942Z","level":"info","event":"Filling up the DagBag from /opt/airflow/dags/14_asset_dependent.py","logger":"airflow.models.dagbag.DagBag","filename":"dagbag.py","lineno":593}
{"timestamp":"2026-03-19T18:07:10.372866Z","level":"error","event":"Failed to import: /opt/airflow/dags/14_asset_dependent.py","logger":"airflow.models.dagbag.DagBag","filename":"dagbag.py","lineno":415,"error_detail":[{"exc_type":"ModuleNotFoundError","exc_value":"No module named 'asset'","exc_notes":[],"syntax_error":null,"is_cause":false,"frames":[{"filename":"/home/airflow/.local/lib/python3.12/site-packages/airflow/models/dagbag.py","lineno":405,"name":"parse"},{"filename":"<frozen importlib._bootstrap_external>","lineno":999,"name":"exec_module"},{"filename":"<frozen importlib._bootstrap>","lineno":488,"name":"_call_with_frames_removed"},{"filename":"/opt/airflow/dags/14_asset_dependent.py","lineno":4,"name":"<module>"}],"is_group":false,"exceptions":[]}]}
{"timestamp":"2026-03-19T18:07:12.935993Z","level":"info","event":"Filling up the DagBag from /opt/airflow/dags/14_asset_dependent.py","logger":"airflow.models.dagbag.DagBag","filename":"dagbag.py","lineno":593}
{"timestamp":"2026-03-19T18:07:14.258592Z","level":"info","event":"Filling up the DagBag from /opt/airflow/dags/14_asset_dependent.py","logger":"airflow.models.dagbag.DagBag","filename":"dagbag.py","lineno":593}
{"timestamp":"2026-03-19T18:07:35.902876Z","level":"info","event":"Filling up the DagBag from /opt/airflow/dags/14_asset_dependent.py","logger":"airflow.models.dagbag.DagBag","filename":"dagbag.py","lineno":593}
{"timestamp":"2026-03-19T18:07:37.594130Z","level":"info","event":"Filling up the DagBag from /opt/airflow/dags/14_asset_dependent.py","logger":"airflow.models.dagbag.DagBag","filename":"dagbag.py","lineno":593}
{"timestamp":"2026-03-19T18:07:39.043525Z","level":"info","event":"Filling up the DagBag from /opt/airflow/dags/14_asset_dependent.py","logger":"airflow.models.dagbag.DagBag","filename":"dagbag.py","lineno":593}
{"timestamp":"2026-03-19T18:08:09.843891Z","level":"info","event":"Filling up the DagBag from /opt/airflow/dags/14_asset_dependent.py","logger":"airflow.models.dagbag.DagBag","filename":"dagbag.py","lineno":593}
{"timestamp":"2026-03-19T18:08:40.120493Z","level":"info","event":"Filling up the DagBag from /opt/airflow/dags/14_asset_dependent.py","logger":"airflow.models.dagbag.DagBag","filename":"dagbag.py","lineno":593}
{"timestamp":"2026-03-19T18:09:10.385069Z","level":"info","event":"Filling up the DagBag from /opt/airflow/dags/14_asset_dependent.py","logger":"airflow.models.dagbag.DagBag","filename":"dagbag.py","lineno":593}
{"timestamp":"2026-03-19T18:09:40.561967Z","level":"info","event":"Filling up the DagBag from /opt/airflow/dags/14_asset_dependent.py","logger":"airflow.models.dagbag.DagBag","filename":"dagbag.py","lineno":593}
{"timestamp":"2026-03-19T18:10:11.648827Z","level":"info","event":"Filling up the DagBag from /opt/airflow/dags/14_asset_dependent.py","logger":"airflow.models.dagbag.DagBag","filename":"dagbag.py","lineno":593}
{"timestamp":"2026-03-19T18:10:42.095860Z","level":"info","event":"Filling up the DagBag from /opt/airflow/dags/14_asset_dependent.py","logger":"airflow.models.dagbag.DagBag","filename":"dagbag.py","lineno":593}
{"timestamp":"2026-03-19T18:11:12.798380Z","level":"info","event":"Filling up the DagBag from /opt/airflow/dags/14_asset_dependent.py","logger":"airflow.models.dagbag.DagBag","filename":"dagbag.py","lineno":593}
{"timestamp":"2026-03-19T18:11:43.520647Z","level":"info","event":"Filling up the DagBag from /opt/airflow/dags/14_asset_dependent.py","logger":"airflow.models.dagbag.DagBag","filename":"dagbag.py","lineno":593}
{"timestamp":"2026-03-19T18:12:13.956121Z","level":"info","event":"Filling up the DagBag from /opt/airflow/dags/14_asset_dependent.py","logger":"airflow.models.dagbag.DagBag","filename":"dagbag.py","lineno":593}
{"timestamp":"2026-03-19T18:12:44.221943Z","level":"info","event":"Filling up the DagBag from /opt/airflow/dags/14_asset_dependent.py","logger":"airflow.models.dagbag.DagBag","filename":"dagbag.py","lineno":593}
{"timestamp":"2026-03-19T18:13:14.327988Z","level":"info","event":"Filling up the DagBag from /opt/airflow/dags/14_asset_dependent.py","logger":"airflow.models.dagbag.DagBag","filename":"dagbag.py","lineno":593}
{"timestamp":"2026-03-19T18:13:44.636978Z","level":"info","event":"Filling up the DagBag from /opt/airflow/dags/14_asset_dependent.py","logger":"airflow.models.dagbag.DagBag","filename":"dagbag.py","lineno":593}
{"timestamp":"2026-03-19T18:14:14.781276Z","level":"info","event":"Filling up the DagBag from /opt/airflow/dags/14_asset_dependent.py","logger":"airflow.models.dagbag.DagBag","filename":"dagbag.py","lineno":593}
{"timestamp":"2026-03-19T18:14:45.145055Z","level":"info","event":"Filling up the DagBag from /opt/airflow/dags/14_asset_dependent.py","logger":"airflow.models.dagbag.DagBag","filename":"dagbag.py","lineno":593}
{"timestamp":"2026-03-19T18:15:15.323921Z","level":"info","event":"Filling up the DagBag from /opt/airflow/dags/14_asset_dependent.py","logger":"airflow.models.dagbag.DagBag","filename":"dagbag.py","lineno":593}
{"timestamp":"2026-03-19T18:15:45.857416Z","level":"info","event":"Filling up the DagBag from /opt/airflow/dags/14_asset_dependent.py","logger":"airflow.models.dagbag.DagBag","filename":"dagbag.py","lineno":593}
{"timestamp":"2026-03-19T18:16:16.000873Z","level":"info","event":"Filling up the DagBag from /opt/airflow/dags/14_asset_dependent.py","logger":"airflow.models.dagbag.DagBag","filename":"dagbag.py","lineno":593}
{"timestamp":"2026-03-19T18:16:46.425863Z","level":"info","event":"Filling up the DagBag from /opt/airflow/dags/14_asset_dependent.py","logger":"airflow.models.dagbag.DagBag","filename":"dagbag.py","lineno":593}
{"timestamp":"2026-03-19T18:17:16.574345Z","level":"info","event":"Filling up the DagBag from /opt/airflow/dags/14_asset_dependent.py","logger":"airflow.models.dagbag.DagBag","filename":"dagbag.py","lineno":593}
{"timestamp":"2026-03-19T18:17:47.493122Z","level":"info","event":"Filling up the DagBag from /opt/airflow/dags/14_asset_dependent.py","logger":"airflow.models.dagbag.DagBag","filename":"dagbag.py","lineno":593}
{"timestamp":"2026-03-19T18:18:18.046549Z","level":"info","event":"Filling up the DagBag from /opt/airflow/dags/14_asset_dependent.py","logger":"airflow.models.dagbag.DagBag","filename":"dagbag.py","lineno":593}
{"timestamp":"2026-03-19T18:18:48.161116Z","level":"info","event":"Filling up the DagBag from /opt/airflow/dags/14_asset_dependent.py","logger":"airflow.models.dagbag.DagBag","filename":"dagbag.py","lineno":593}
{"timestamp":"2026-03-19T18:19:18.704275Z","level":"info","event":"Filling up the DagBag from /opt/airflow/dags/14_asset_dependent.py","logger":"airflow.models.dagbag.DagBag","filename":"dagbag.py","lineno":593}
{"timestamp":"2026-03-19T18:19:48.929043Z","level":"info","event":"Filling up the DagBag from /opt/airflow/dags/14_asset_dependent.py","logger":"airflow.models.dagbag.DagBag","filename":"dagbag.py","lineno":593}
{"timestamp":"2026-03-19T18:20:19.163299Z","level":"info","event":"Filling up the DagBag from /opt/airflow/dags/14_asset_dependent.py","logger":"airflow.models.dagbag.DagBag","filename":"dagbag.py","lineno":593}
{"timestamp":"2026-03-19T18:20:49.751937Z","level":"info","event":"Filling up the DagBag from /opt/airflow/dags/14_asset_dependent.py","logger":"airflow.models.dagbag.DagBag","filename":"dagbag.py","lineno":593}
{"timestamp":"2026-03-19T18:21:20.223145Z","level":"info","event":"Filling up the DagBag from /opt/airflow/dags/14_asset_dependent.py","logger":"airflow.models.dagbag.DagBag","filename":"dagbag.py","lineno":593}
{"timestamp":"2026-03-19T18:21:51.007339Z","level":"info","event":"Filling up the DagBag from /opt/airflow/dags/14_asset_dependent.py","logger":"airflow.models.dagbag.DagBag","filename":"dagbag.py","lineno":593}
{"timestamp":"2026-03-19T18:22:21.490343Z","level":"info","event":"Filling up the DagBag from /opt/airflow/dags/14_asset_dependent.py","logger":"airflow.models.dagbag.DagBag","filename":"dagbag.py","lineno":593}
{"timestamp":"2026-03-19T18:22:51.778476Z","level":"info","event":"Filling up the DagBag from /opt/airflow/dags/14_asset_dependent.py","logger":"airflow.models.dagbag.DagBag","filename":"dagbag.py","lineno":593}
{"timestamp":"2026-03-19T18:23:22.506923Z","level":"info","event":"Filling up the DagBag from /opt/airflow/dags/14_asset_dependent.py","logger":"airflow.models.dagbag.DagBag","filename":"dagbag.py","lineno":593}
{"timestamp":"2026-03-19T18:23:52.780060Z","level":"info","event":"Filling up the DagBag from /opt/airflow/dags/14_asset_dependent.py","logger":"airflow.models.dagbag.DagBag","filename":"dagbag.py","lineno":593}
{"timestamp":"2026-03-19T18:24:23.041783Z","level":"info","event":"Filling up the DagBag from /opt/airflow/dags/14_asset_dependent.py","logger":"airflow.models.dagbag.DagBag","filename":"dagbag.py","lineno":593}
{"timestamp":"2026-03-19T18:24:53.352389Z","level":"info","event":"Filling up the DagBag from /opt/airflow/dags/14_asset_dependent.py","logger":"airflow.models.dagbag.DagBag","filename":"dagbag.py","lineno":593}
{"timestamp":"2026-03-19T18:25:24.266196Z","level":"info","event":"Filling up the DagBag from /opt/airflow/dags/14_asset_dependent.py","logger":"airflow.models.dagbag.DagBag","filename":"dagbag.py","lineno":593}
{"timestamp":"2026-03-19T18:25:54.709534Z","level":"info","event":"Filling up the DagBag from /opt/airflow/dags/14_asset_dependent.py","logger":"airflow.models.dagbag.DagBag","filename":"dagbag.py","lineno":593}
{"timestamp":"2026-03-19T18:26:25.088615Z","level":"info","event":"Filling up the DagBag from /opt/airflow/dags/14_asset_dependent.py","logger":"airflow.models.dagbag.DagBag","filename":"dagbag.py","lineno":593}
{"timestamp":"2026-03-19T18:26:55.417654Z","level":"info","event":"Filling up the DagBag from /opt/airflow/dags/14_asset_dependent.py","logger":"airflow.models.dagbag.DagBag","filename":"dagbag.py","lineno":593}
{"timestamp":"2026-03-19T18:27:25.974728Z","level":"info","event":"Filling up the DagBag from /opt/airflow/dags/14_asset_dependent.py","logger":"airflow.models.dagbag.DagBag","filename":"dagbag.py","lineno":593}
{"timestamp":"2026-03-19T18:27:56.401064Z","level":"info","event":"Filling up the DagBag from /opt/airflow/dags/14_asset_dependent.py","logger":"airflow.models.dagbag.DagBag","filename":"dagbag.py","lineno":593}
{"timestamp":"2026-03-19T18:28:26.847716Z","level":"info","event":"Filling up the DagBag from /opt/airflow/dags/14_asset_dependent.py","logger":"airflow.models.dagbag.DagBag","filename":"dagbag.py","lineno":593}
{"timestamp":"2026-03-19T18:28:57.062343Z","level":"info","event":"Filling up the DagBag from /opt/airflow/dags/14_asset_dependent.py","logger":"airflow.models.dagbag.DagBag","filename":"dagbag.py","lineno":593}
{"timestamp":"2026-03-19T18:29:27.816770Z","level":"info","event":"Filling up the DagBag from /opt/airflow/dags/14_asset_dependent.py","logger":"airflow.models.dagbag.DagBag","filename":"dagbag.py","lineno":593}
{"timestamp":"2026-03-19T18:29:58.087796Z","level":"info","event":"Filling up the DagBag from /opt/airflow/dags/14_asset_dependent.py","logger":"airflow.models.dagbag.DagBag","filename":"dagbag.py","lineno":593}
{"timestamp":"2026-03-19T18:30:28.269244Z","level":"info","event":"Filling up the DagBag from /opt/airflow/dags/14_asset_dependent.py","logger":"airflow.models.dagbag.DagBag","filename":"dagbag.py","lineno":593}
{"timestamp":"2026-03-19T18:30:58.770746Z","level":"info","event":"Filling up the DagBag from /opt/airflow/dags/14_asset_dependent.py","logger":"airflow.models.dagbag.DagBag","filename":"dagbag.py","lineno":593}
{"timestamp":"2026-03-19T18:31:29.231978Z","level":"info","event":"Filling up the DagBag from /opt/airflow/dags/14_asset_dependent.py","logger":"airflow.models.dagbag.DagBag","filename":"dagbag.py","lineno":593}
{"timestamp":"2026-03-19T18:31:59.806950Z","level":"info","event":"Filling up the DagBag from /opt/airflow/dags/14_asset_dependent.py","logger":"airflow.models.dagbag.DagBag","filename":"dagbag.py","lineno":593}
{"timestamp":"2026-03-19T18:32:30.399035Z","level":"info","event":"Filling up the DagBag from /opt/airflow/dags/14_asset_dependent.py","logger":"airflow.models.dagbag.DagBag","filename":"dagbag.py","lineno":593}
{"timestamp":"2026-03-19T18:33:01.146276Z","level":"info","event":"Filling up the DagBag from /opt/airflow/dags/14_asset_dependent.py","logger":"airflow.models.dagbag.DagBag","filename":"dagbag.py","lineno":593}
{"timestamp":"2026-03-19T18:33:31.531049Z","level":"info","event":"Filling up the DagBag from /opt/airflow/dags/14_asset_dependent.py","logger":"airflow.models.dagbag.DagBag","filename":"dagbag.py","lineno":593}
{"timestamp":"2026-03-19T18:34:01.878255Z","level":"info","event":"Filling up the DagBag from /opt/airflow/dags/14_asset_dependent.py","logger":"airflow.models.dagbag.DagBag","filename":"dagbag.py","lineno":593}
{"timestamp":"2026-03-19T18:34:32.137036Z","level":"info","event":"Filling up the DagBag from /opt/airflow/dags/14_asset_dependent.py","logger":"airflow.models.dagbag.DagBag","filename":"dagbag.py","lineno":593}
{"timestamp":"2026-03-19T18:35:02.569333Z","level":"info","event":"Filling up the DagBag from /opt/airflow/dags/14_asset_dependent.py","logger":"airflow.models.dagbag.DagBag","filename":"dagbag.py","lineno":593}
{"timestamp":"2026-03-19T18:35:32.950107Z","level":"info","event":"Filling up the DagBag from /opt/airflow/dags/14_asset_dependent.py","logger":"airflow.models.dagbag.DagBag","filename":"dagbag.py","lineno":593}
{"timestamp":"2026-03-19T18:36:03.977529Z","level":"info","event":"Filling up the DagBag from /opt/airflow/dags/14_asset_dependent.py","logger":"airflow.models.dagbag.DagBag","filename":"dagbag.py","lineno":593}
{"timestamp":"2026-03-19T18:36:34.293523Z","level":"info","event":"Filling up the DagBag from /opt/airflow/dags/14_asset_dependent.py","logger":"airflow.models.dagbag.DagBag","filename":"dagbag.py","lineno":593}
{"timestamp":"2026-03-19T18:37:04.770784Z","level":"info","event":"Filling up the DagBag from /opt/airflow/dags/14_asset_dependent.py","logger":"airflow.models.dagbag.DagBag","filename":"dagbag.py","lineno":593}
{"timestamp":"2026-03-19T18:37:35.150251Z","level":"info","event":"Filling up the DagBag from /opt/airflow/dags/14_asset_dependent.py","logger":"airflow.models.dagbag.DagBag","filename":"dagbag.py","lineno":593}
{"timestamp":"2026-03-19T18:38:05.643995Z","level":"info","event":"Filling up the DagBag from /opt/airflow/dags/14_asset_dependent.py","logger":"airflow.models.dagbag.DagBag","filename":"dagbag.py","lineno":593}
{"timestamp":"2026-03-19T18:38:36.027269Z","level":"info","event":"Filling up the DagBag from /opt/airflow/dags/14_asset_dependent.py","logger":"airflow.models.dagbag.DagBag","filename":"dagbag.py","lineno":593}
{"timestamp":"2026-03-19T18:39:06.743566Z","level":"info","event":"Filling up the DagBag from /opt/airflow/dags/14_asset_dependent.py","logger":"airflow.models.dagbag.DagBag","filename":"dagbag.py","lineno":593}
{"timestamp":"2026-03-19T18:39:37.133639Z","level":"info","event":"Filling up the DagBag from /opt/airflow/dags/14_asset_dependent.py","logger":"airflow.models.dagbag.DagBag","filename":"dagbag.py","lineno":593}
{"timestamp":"2026-03-19T18:40:07.426065Z","level":"info","event":"Filling up the DagBag from /opt/airflow/dags/14_asset_dependent.py","logger":"airflow.models.dagbag.DagBag","filename":"dagbag.py","lineno":593}
{"timestamp":"2026-03-19T18:40:37.666168Z","level":"info","event":"Filling up the DagBag from /opt/airflow/dags/14_asset_dependent.py","logger":"airflow.models.dagbag.DagBag","filename":"dagbag.py","lineno":593}
{"timestamp":"2026-03-19T18:41:08.038698Z","level":"info","event":"Filling up the DagBag from /opt/airflow/dags/14_asset_dependent.py","logger":"airflow.models.dagbag.DagBag","filename":"dagbag.py","lineno":593}
{"timestamp":"2026-03-19T18:41:38.905880Z","level":"info","event":"Filling up the DagBag from /opt/airflow/dags/14_asset_dependent.py","logger":"airflow.models.dagbag.DagBag","filename":"dagbag.py","lineno":593}
{"timestamp":"2026-03-19T18:42:10.423485Z","level":"info","event":"Filling up the DagBag from /opt/airflow/dags/14_asset_dependent.py","logger":"airflow.models.dagbag.DagBag","filename":"dagbag.py","lineno":593}
{"timestamp":"2026-03-19T18:42:40.863754Z","level":"info","event":"Filling up the DagBag from /opt/airflow/dags/14_asset_dependent.py","logger":"airflow.models.dagbag.DagBag","filename":"dagbag.py","lineno":593}
{"timestamp":"2026-03-19T18:43:11.246373Z","level":"info","event":"Filling up the DagBag from /opt/airflow/dags/14_asset_dependent.py","logger":"airflow.models.dagbag.DagBag","filename":"dagbag.py","lineno":593}
{"timestamp":"2026-03-19T18:43:41.418481Z","level":"info","event":"Filling up the DagBag from /opt/airflow/dags/14_asset_dependent.py","logger":"airflow.models.dagbag.DagBag","filename":"dagbag.py","lineno":593}
{"timestamp":"2026-03-19T18:44:12.035019Z","level":"info","event":"Filling up the DagBag from /opt/airflow/dags/14_asset_dependent.py","logger":"airflow.models.dagbag.DagBag","filename":"dagbag.py","lineno":593}
{"timestamp":"2026-03-19T18:44:43.072536Z","level":"info","event":"Filling up the DagBag from /opt/airflow/dags/14_asset_dependent.py","logger":"airflow.models.dagbag.DagBag","filename":"dagbag.py","lineno":593}
{"timestamp":"2026-03-19T18:45:13.354333Z","level":"info","event":"Filling up the DagBag from /opt/airflow/dags/14_asset_dependent.py","logger":"airflow.models.dagbag.DagBag","filename":"dagbag.py","lineno":593}
{"timestamp":"2026-03-19T18:45:43.731901Z","level":"info","event":"Filling up the DagBag from /opt/airflow/dags/14_asset_dependent.py","logger":"airflow.models.dagbag.DagBag","filename":"dagbag.py","lineno":593}
{"timestamp":"2026-03-19T18:46:14.160933Z","level":"info","event":"Filling up the DagBag from /opt/airflow/dags/14_asset_dependent.py","logger":"airflow.models.dagbag.DagBag","filename":"dagbag.py","lineno":593}
{"timestamp":"2026-03-19T18:46:44.697590Z","level":"info","event":"Filling up the DagBag from /opt/airflow/dags/14_asset_dependent.py","logger":"airflow.models.dagbag.DagBag","filename":"dagbag.py","lineno":593}
{"timestamp":"2026-03-19T18:47:15.025961Z","level":"info","event":"Filling up the DagBag from /opt/airflow/dags/14_asset_dependent.py","logger":"airflow.models.dagbag.DagBag","filename":"dagbag.py","lineno":593}
{"timestamp":"2026-03-19T18:47:45.450037Z","level":"info","event":"Filling up the DagBag from /opt/airflow/dags/14_asset_dependent.py","logger":"airflow.models.dagbag.DagBag","filename":"dagbag.py","lineno":593}
{"timestamp":"2026-03-19T18:48:16.147844Z","level":"info","event":"Filling up the DagBag from /opt/airflow/dags/14_asset_dependent.py","logger":"airflow.models.dagbag.DagBag","filename":"dagbag.py","lineno":593}
{"timestamp":"2026-03-19T18:48:46.870690Z","level":"info","event":"Filling up the DagBag from /opt/airflow/dags/14_asset_dependent.py","logger":"airflow.models.dagbag.DagBag","filename":"dagbag.py","lineno":593}
