{"timestamp":"2026-02-25T16:36:09.645070Z","level":"info","event":"Filling up the DagBag from /opt/airflow/dags/1_dag_versioning.py","logger":"airflow.models.dagbag.DagBag","filename":"dagbag.py","lineno":593}
{"timestamp":"2026-02-25T16:36:09.946527Z","level":"warning","event":"The `airflow.decorators.dag` attribute is deprecated. Please use `'airflow.sdk.dag'`.","category":"DeprecatedImportWarning","filename":"/opt/airflow/dags/1_dag_versioning.py","lineno":1,"logger":"py.warnings"}
{"timestamp":"2026-02-25T16:36:09.946707Z","level":"warning","event":"The `airflow.decorators.task` attribute is deprecated. Please use `'airflow.sdk.task'`.","category":"DeprecatedImportWarning","filename":"/opt/airflow/dags/1_dag_versioning.py","lineno":1,"logger":"py.warnings"}
{"timestamp":"2026-02-25T16:36:40.362681Z","level":"info","event":"Filling up the DagBag from /opt/airflow/dags/1_dag_versioning.py","logger":"airflow.models.dagbag.DagBag","filename":"dagbag.py","lineno":593}
{"timestamp":"2026-02-25T16:36:40.388875Z","level":"warning","event":"The `airflow.decorators.dag` attribute is deprecated. Please use `'airflow.sdk.dag'`.","category":"DeprecatedImportWarning","filename":"/opt/airflow/dags/1_dag_versioning.py","lineno":1,"logger":"py.warnings"}
{"timestamp":"2026-02-25T16:36:40.389064Z","level":"warning","event":"The `airflow.decorators.task` attribute is deprecated. Please use `'airflow.sdk.task'`.","category":"DeprecatedImportWarning","filename":"/opt/airflow/dags/1_dag_versioning.py","lineno":1,"logger":"py.warnings"}
{"timestamp":"2026-02-25T16:37:10.651003Z","level":"info","event":"Filling up the DagBag from /opt/airflow/dags/1_dag_versioning.py","logger":"airflow.models.dagbag.DagBag","filename":"dagbag.py","lineno":593}
{"timestamp":"2026-02-25T16:37:10.685676Z","level":"warning","event":"The `airflow.decorators.dag` attribute is deprecated. Please use `'airflow.sdk.dag'`.","category":"DeprecatedImportWarning","filename":"/opt/airflow/dags/1_dag_versioning.py","lineno":1,"logger":"py.warnings"}
{"timestamp":"2026-02-25T16:37:10.685904Z","level":"warning","event":"The `airflow.decorators.task` attribute is deprecated. Please use `'airflow.sdk.task'`.","category":"DeprecatedImportWarning","filename":"/opt/airflow/dags/1_dag_versioning.py","lineno":1,"logger":"py.warnings"}
{"timestamp":"2026-02-25T16:37:40.772767Z","level":"info","event":"Filling up the DagBag from /opt/airflow/dags/1_dag_versioning.py","logger":"airflow.models.dagbag.DagBag","filename":"dagbag.py","lineno":593}
{"timestamp":"2026-02-25T16:37:40.806163Z","level":"warning","event":"The `airflow.decorators.dag` attribute is deprecated. Please use `'airflow.sdk.dag'`.","category":"DeprecatedImportWarning","filename":"/opt/airflow/dags/1_dag_versioning.py","lineno":1,"logger":"py.warnings"}
{"timestamp":"2026-02-25T16:37:40.806406Z","level":"warning","event":"The `airflow.decorators.task` attribute is deprecated. Please use `'airflow.sdk.task'`.","category":"DeprecatedImportWarning","filename":"/opt/airflow/dags/1_dag_versioning.py","lineno":1,"logger":"py.warnings"}
{"timestamp":"2026-02-25T16:38:11.651585Z","level":"info","event":"Filling up the DagBag from /opt/airflow/dags/1_dag_versioning.py","logger":"airflow.models.dagbag.DagBag","filename":"dagbag.py","lineno":593}
{"timestamp":"2026-02-25T16:38:11.686086Z","level":"warning","event":"The `airflow.decorators.dag` attribute is deprecated. Please use `'airflow.sdk.dag'`.","category":"DeprecatedImportWarning","filename":"/opt/airflow/dags/1_dag_versioning.py","lineno":1,"logger":"py.warnings"}
{"timestamp":"2026-02-25T16:38:11.686292Z","level":"warning","event":"The `airflow.decorators.task` attribute is deprecated. Please use `'airflow.sdk.task'`.","category":"DeprecatedImportWarning","filename":"/opt/airflow/dags/1_dag_versioning.py","lineno":1,"logger":"py.warnings"}
{"timestamp":"2026-02-25T16:38:19.021087Z","level":"info","event":"Filling up the DagBag from /opt/airflow/dags/1_dag_versioning.py","logger":"airflow.models.dagbag.DagBag","filename":"dagbag.py","lineno":593}
{"timestamp":"2026-02-25T16:38:19.061235Z","level":"warning","event":"The `airflow.decorators.dag` attribute is deprecated. Please use `'airflow.sdk.dag'`.","category":"DeprecatedImportWarning","filename":"/opt/airflow/dags/1_dag_versioning.py","lineno":1,"logger":"py.warnings"}
{"timestamp":"2026-02-25T16:38:19.061618Z","level":"warning","event":"The `airflow.decorators.task` attribute is deprecated. Please use `'airflow.sdk.task'`.","category":"DeprecatedImportWarning","filename":"/opt/airflow/dags/1_dag_versioning.py","lineno":1,"logger":"py.warnings"}
{"timestamp":"2026-02-25T16:38:27.195224Z","level":"info","event":"Filling up the DagBag from /opt/airflow/dags/1_dag_versioning.py","logger":"airflow.models.dagbag.DagBag","filename":"dagbag.py","lineno":593}
{"timestamp":"2026-02-25T16:38:27.226301Z","level":"warning","event":"The `airflow.decorators.dag` attribute is deprecated. Please use `'airflow.sdk.dag'`.","category":"DeprecatedImportWarning","filename":"/opt/airflow/dags/1_dag_versioning.py","lineno":1,"logger":"py.warnings"}
{"timestamp":"2026-02-25T16:38:27.226489Z","level":"warning","event":"The `airflow.decorators.task` attribute is deprecated. Please use `'airflow.sdk.task'`.","category":"DeprecatedImportWarning","filename":"/opt/airflow/dags/1_dag_versioning.py","lineno":1,"logger":"py.warnings"}
{"timestamp":"2026-02-25T16:38:33.364202Z","level":"info","event":"Filling up the DagBag from /opt/airflow/dags/1_dag_versioning.py","logger":"airflow.models.dagbag.DagBag","filename":"dagbag.py","lineno":593}
{"timestamp":"2026-02-25T16:38:33.400252Z","level":"warning","event":"The `airflow.decorators.dag` attribute is deprecated. Please use `'airflow.sdk.dag'`.","category":"DeprecatedImportWarning","filename":"/opt/airflow/dags/1_dag_versioning.py","lineno":1,"logger":"py.warnings"}
{"timestamp":"2026-02-25T16:38:33.400508Z","level":"warning","event":"The `airflow.decorators.task` attribute is deprecated. Please use `'airflow.sdk.task'`.","category":"DeprecatedImportWarning","filename":"/opt/airflow/dags/1_dag_versioning.py","lineno":1,"logger":"py.warnings"}
{"timestamp":"2026-02-25T16:38:35.496127Z","level":"info","event":"Filling up the DagBag from /opt/airflow/dags/1_dag_versioning.py","logger":"airflow.models.dagbag.DagBag","filename":"dagbag.py","lineno":593}
{"timestamp":"2026-02-25T16:38:35.551646Z","level":"warning","event":"The `airflow.decorators.dag` attribute is deprecated. Please use `'airflow.sdk.dag'`.","category":"DeprecatedImportWarning","filename":"/opt/airflow/dags/1_dag_versioning.py","lineno":1,"logger":"py.warnings"}
{"timestamp":"2026-02-25T16:38:35.551837Z","level":"warning","event":"The `airflow.decorators.task` attribute is deprecated. Please use `'airflow.sdk.task'`.","category":"DeprecatedImportWarning","filename":"/opt/airflow/dags/1_dag_versioning.py","lineno":1,"logger":"py.warnings"}
{"timestamp":"2026-02-25T16:39:01.821825Z","level":"info","event":"Filling up the DagBag from /opt/airflow/dags/1_dag_versioning.py","logger":"airflow.models.dagbag.DagBag","filename":"dagbag.py","lineno":593}
{"timestamp":"2026-02-25T16:39:01.856005Z","level":"warning","event":"The `airflow.decorators.dag` attribute is deprecated. Please use `'airflow.sdk.dag'`.","category":"DeprecatedImportWarning","filename":"/opt/airflow/dags/1_dag_versioning.py","lineno":1,"logger":"py.warnings"}
{"timestamp":"2026-02-25T16:39:01.856164Z","level":"warning","event":"The `airflow.decorators.task` attribute is deprecated. Please use `'airflow.sdk.task'`.","category":"DeprecatedImportWarning","filename":"/opt/airflow/dags/1_dag_versioning.py","lineno":1,"logger":"py.warnings"}
{"timestamp":"2026-02-25T16:39:04.027763Z","level":"info","event":"Filling up the DagBag from /opt/airflow/dags/1_dag_versioning.py","logger":"airflow.models.dagbag.DagBag","filename":"dagbag.py","lineno":593}
{"timestamp":"2026-02-25T16:39:04.101673Z","level":"warning","event":"The `airflow.decorators.dag` attribute is deprecated. Please use `'airflow.sdk.dag'`.","category":"DeprecatedImportWarning","filename":"/opt/airflow/dags/1_dag_versioning.py","lineno":1,"logger":"py.warnings"}
{"timestamp":"2026-02-25T16:39:04.102056Z","level":"warning","event":"The `airflow.decorators.task` attribute is deprecated. Please use `'airflow.sdk.task'`.","category":"DeprecatedImportWarning","filename":"/opt/airflow/dags/1_dag_versioning.py","lineno":1,"logger":"py.warnings"}
{"timestamp":"2026-02-25T16:39:05.214139Z","level":"info","event":"Filling up the DagBag from /opt/airflow/dags/1_dag_versioning.py","logger":"airflow.models.dagbag.DagBag","filename":"dagbag.py","lineno":593}
{"timestamp":"2026-02-25T16:39:05.227565Z","level":"error","event":"Failed to import: /opt/airflow/dags/1_dag_versioning.py","logger":"airflow.models.dagbag.DagBag","filename":"dagbag.py","lineno":415,"error_detail":[{"exc_type":"SyntaxError","exc_value":"invalid syntax (1_dag_versioning.py, line 20)","exc_notes":[],"syntax_error":{"offset":6,"filename":"/opt/airflow/dags/1_dag_versioning.py","line":"    @\n","lineno":20,"msg":"invalid syntax"},"is_cause":false,"frames":[{"filename":"/home/airflow/.local/lib/python3.12/site-packages/airflow/models/dagbag.py","lineno":405,"name":"parse"},{"filename":"<frozen importlib._bootstrap_external>","lineno":995,"name":"exec_module"},{"filename":"<frozen importlib._bootstrap_external>","lineno":1133,"name":"get_code"},{"filename":"<frozen importlib._bootstrap_external>","lineno":1063,"name":"source_to_code"},{"filename":"<frozen importlib._bootstrap>","lineno":488,"name":"_call_with_frames_removed"}],"is_group":false,"exceptions":[]}]}
{"timestamp":"2026-02-25T16:39:06.315615Z","level":"info","event":"Filling up the DagBag from /opt/airflow/dags/1_dag_versioning.py","logger":"airflow.models.dagbag.DagBag","filename":"dagbag.py","lineno":593}
{"timestamp":"2026-02-25T16:39:06.349428Z","level":"warning","event":"The `airflow.decorators.dag` attribute is deprecated. Please use `'airflow.sdk.dag'`.","category":"DeprecatedImportWarning","filename":"/opt/airflow/dags/1_dag_versioning.py","lineno":1,"logger":"py.warnings"}
{"timestamp":"2026-02-25T16:39:06.349616Z","level":"warning","event":"The `airflow.decorators.task` attribute is deprecated. Please use `'airflow.sdk.task'`.","category":"DeprecatedImportWarning","filename":"/opt/airflow/dags/1_dag_versioning.py","lineno":1,"logger":"py.warnings"}
{"timestamp":"2026-02-25T16:39:10.640518Z","level":"info","event":"Filling up the DagBag from /opt/airflow/dags/1_dag_versioning.py","logger":"airflow.models.dagbag.DagBag","filename":"dagbag.py","lineno":593}
{"timestamp":"2026-02-25T16:39:10.655490Z","level":"error","event":"Failed to import: /opt/airflow/dags/1_dag_versioning.py","logger":"airflow.models.dagbag.DagBag","filename":"dagbag.py","lineno":415,"error_detail":[{"exc_type":"SyntaxError","exc_value":"invalid syntax (1_dag_versioning.py, line 21)","exc_notes":[],"syntax_error":{"offset":8,"filename":"/opt/airflow/dags/1_dag_versioning.py","line":"    def\n","lineno":21,"msg":"invalid syntax"},"is_cause":false,"frames":[{"filename":"/home/airflow/.local/lib/python3.12/site-packages/airflow/models/dagbag.py","lineno":405,"name":"parse"},{"filename":"<frozen importlib._bootstrap_external>","lineno":995,"name":"exec_module"},{"filename":"<frozen importlib._bootstrap_external>","lineno":1133,"name":"get_code"},{"filename":"<frozen importlib._bootstrap_external>","lineno":1063,"name":"source_to_code"},{"filename":"<frozen importlib._bootstrap>","lineno":488,"name":"_call_with_frames_removed"}],"is_group":false,"exceptions":[]}]}
{"timestamp":"2026-02-25T16:39:14.998762Z","level":"info","event":"Filling up the DagBag from /opt/airflow/dags/1_dag_versioning.py","logger":"airflow.models.dagbag.DagBag","filename":"dagbag.py","lineno":593}
{"timestamp":"2026-02-25T16:39:15.014464Z","level":"error","event":"Failed to import: /opt/airflow/dags/1_dag_versioning.py","logger":"airflow.models.dagbag.DagBag","filename":"dagbag.py","lineno":415,"error_detail":[{"exc_type":"IndentationError","exc_value":"expected an indented block after function definition on line 21 (1_dag_versioning.py, line 23)","exc_notes":[],"syntax_error":{"offset":5,"filename":"/opt/airflow/dags/1_dag_versioning.py","line":"    @task.python\n","lineno":23,"msg":"expected an indented block after function definition on line 21"},"is_cause":false,"frames":[{"filename":"/home/airflow/.local/lib/python3.12/site-packages/airflow/models/dagbag.py","lineno":405,"name":"parse"},{"filename":"<frozen importlib._bootstrap_external>","lineno":995,"name":"exec_module"},{"filename":"<frozen importlib._bootstrap_external>","lineno":1133,"name":"get_code"},{"filename":"<frozen importlib._bootstrap_external>","lineno":1063,"name":"source_to_code"},{"filename":"<frozen importlib._bootstrap>","lineno":488,"name":"_call_with_frames_removed"}],"is_group":false,"exceptions":[]}]}
{"timestamp":"2026-02-25T16:39:16.092543Z","level":"info","event":"Filling up the DagBag from /opt/airflow/dags/1_dag_versioning.py","logger":"airflow.models.dagbag.DagBag","filename":"dagbag.py","lineno":593}
{"timestamp":"2026-02-25T16:39:16.130624Z","level":"warning","event":"The `airflow.decorators.dag` attribute is deprecated. Please use `'airflow.sdk.dag'`.","category":"DeprecatedImportWarning","filename":"/opt/airflow/dags/1_dag_versioning.py","lineno":1,"logger":"py.warnings"}
{"timestamp":"2026-02-25T16:39:16.130863Z","level":"warning","event":"The `airflow.decorators.task` attribute is deprecated. Please use `'airflow.sdk.task'`.","category":"DeprecatedImportWarning","filename":"/opt/airflow/dags/1_dag_versioning.py","lineno":1,"logger":"py.warnings"}
{"timestamp":"2026-02-25T16:39:22.280265Z","level":"info","event":"Filling up the DagBag from /opt/airflow/dags/1_dag_versioning.py","logger":"airflow.models.dagbag.DagBag","filename":"dagbag.py","lineno":593}
{"timestamp":"2026-02-25T16:39:22.323278Z","level":"warning","event":"The `airflow.decorators.dag` attribute is deprecated. Please use `'airflow.sdk.dag'`.","category":"DeprecatedImportWarning","filename":"/opt/airflow/dags/1_dag_versioning.py","lineno":1,"logger":"py.warnings"}
{"timestamp":"2026-02-25T16:39:22.323592Z","level":"warning","event":"The `airflow.decorators.task` attribute is deprecated. Please use `'airflow.sdk.task'`.","category":"DeprecatedImportWarning","filename":"/opt/airflow/dags/1_dag_versioning.py","lineno":1,"logger":"py.warnings"}
{"timestamp":"2026-02-25T16:39:23.416022Z","level":"info","event":"Filling up the DagBag from /opt/airflow/dags/1_dag_versioning.py","logger":"airflow.models.dagbag.DagBag","filename":"dagbag.py","lineno":593}
{"timestamp":"2026-02-25T16:39:23.454222Z","level":"warning","event":"The `airflow.decorators.dag` attribute is deprecated. Please use `'airflow.sdk.dag'`.","category":"DeprecatedImportWarning","filename":"/opt/airflow/dags/1_dag_versioning.py","lineno":1,"logger":"py.warnings"}
{"timestamp":"2026-02-25T16:39:23.454393Z","level":"warning","event":"The `airflow.decorators.task` attribute is deprecated. Please use `'airflow.sdk.task'`.","category":"DeprecatedImportWarning","filename":"/opt/airflow/dags/1_dag_versioning.py","lineno":1,"logger":"py.warnings"}
{"timestamp":"2026-02-25T16:39:27.559270Z","level":"info","event":"Filling up the DagBag from /opt/airflow/dags/1_dag_versioning.py","logger":"airflow.models.dagbag.DagBag","filename":"dagbag.py","lineno":593}
{"timestamp":"2026-02-25T16:39:27.591457Z","level":"warning","event":"The `airflow.decorators.dag` attribute is deprecated. Please use `'airflow.sdk.dag'`.","category":"DeprecatedImportWarning","filename":"/opt/airflow/dags/1_dag_versioning.py","lineno":1,"logger":"py.warnings"}
{"timestamp":"2026-02-25T16:39:27.591682Z","level":"warning","event":"The `airflow.decorators.task` attribute is deprecated. Please use `'airflow.sdk.task'`.","category":"DeprecatedImportWarning","filename":"/opt/airflow/dags/1_dag_versioning.py","lineno":1,"logger":"py.warnings"}
{"timestamp":"2026-02-25T16:39:57.882633Z","level":"info","event":"Filling up the DagBag from /opt/airflow/dags/1_dag_versioning.py","logger":"airflow.models.dagbag.DagBag","filename":"dagbag.py","lineno":593}
{"timestamp":"2026-02-25T16:39:57.908633Z","level":"warning","event":"The `airflow.decorators.dag` attribute is deprecated. Please use `'airflow.sdk.dag'`.","category":"DeprecatedImportWarning","filename":"/opt/airflow/dags/1_dag_versioning.py","lineno":1,"logger":"py.warnings"}
{"timestamp":"2026-02-25T16:39:57.908855Z","level":"warning","event":"The `airflow.decorators.task` attribute is deprecated. Please use `'airflow.sdk.task'`.","category":"DeprecatedImportWarning","filename":"/opt/airflow/dags/1_dag_versioning.py","lineno":1,"logger":"py.warnings"}
{"timestamp":"2026-02-25T16:40:28.690834Z","level":"info","event":"Filling up the DagBag from /opt/airflow/dags/1_dag_versioning.py","logger":"airflow.models.dagbag.DagBag","filename":"dagbag.py","lineno":593}
{"timestamp":"2026-02-25T16:40:28.716586Z","level":"warning","event":"The `airflow.decorators.dag` attribute is deprecated. Please use `'airflow.sdk.dag'`.","category":"DeprecatedImportWarning","filename":"/opt/airflow/dags/1_dag_versioning.py","lineno":1,"logger":"py.warnings"}
{"timestamp":"2026-02-25T16:40:28.716759Z","level":"warning","event":"The `airflow.decorators.task` attribute is deprecated. Please use `'airflow.sdk.task'`.","category":"DeprecatedImportWarning","filename":"/opt/airflow/dags/1_dag_versioning.py","lineno":1,"logger":"py.warnings"}
{"timestamp":"2026-02-25T16:40:59.162753Z","level":"info","event":"Filling up the DagBag from /opt/airflow/dags/1_dag_versioning.py","logger":"airflow.models.dagbag.DagBag","filename":"dagbag.py","lineno":593}
{"timestamp":"2026-02-25T16:40:59.192570Z","level":"warning","event":"The `airflow.decorators.dag` attribute is deprecated. Please use `'airflow.sdk.dag'`.","category":"DeprecatedImportWarning","filename":"/opt/airflow/dags/1_dag_versioning.py","lineno":1,"logger":"py.warnings"}
{"timestamp":"2026-02-25T16:40:59.192795Z","level":"warning","event":"The `airflow.decorators.task` attribute is deprecated. Please use `'airflow.sdk.task'`.","category":"DeprecatedImportWarning","filename":"/opt/airflow/dags/1_dag_versioning.py","lineno":1,"logger":"py.warnings"}
{"timestamp":"2026-02-25T16:41:29.644494Z","level":"info","event":"Filling up the DagBag from /opt/airflow/dags/1_dag_versioning.py","logger":"airflow.models.dagbag.DagBag","filename":"dagbag.py","lineno":593}
{"timestamp":"2026-02-25T16:41:29.674741Z","level":"warning","event":"The `airflow.decorators.dag` attribute is deprecated. Please use `'airflow.sdk.dag'`.","category":"DeprecatedImportWarning","filename":"/opt/airflow/dags/1_dag_versioning.py","lineno":1,"logger":"py.warnings"}
{"timestamp":"2026-02-25T16:41:29.674933Z","level":"warning","event":"The `airflow.decorators.task` attribute is deprecated. Please use `'airflow.sdk.task'`.","category":"DeprecatedImportWarning","filename":"/opt/airflow/dags/1_dag_versioning.py","lineno":1,"logger":"py.warnings"}
{"timestamp":"2026-02-25T16:42:00.133004Z","level":"info","event":"Filling up the DagBag from /opt/airflow/dags/1_dag_versioning.py","logger":"airflow.models.dagbag.DagBag","filename":"dagbag.py","lineno":593}
{"timestamp":"2026-02-25T16:42:00.165419Z","level":"warning","event":"The `airflow.decorators.dag` attribute is deprecated. Please use `'airflow.sdk.dag'`.","category":"DeprecatedImportWarning","filename":"/opt/airflow/dags/1_dag_versioning.py","lineno":1,"logger":"py.warnings"}
{"timestamp":"2026-02-25T16:42:00.165707Z","level":"warning","event":"The `airflow.decorators.task` attribute is deprecated. Please use `'airflow.sdk.task'`.","category":"DeprecatedImportWarning","filename":"/opt/airflow/dags/1_dag_versioning.py","lineno":1,"logger":"py.warnings"}
{"timestamp":"2026-02-25T16:42:30.609166Z","level":"info","event":"Filling up the DagBag from /opt/airflow/dags/1_dag_versioning.py","logger":"airflow.models.dagbag.DagBag","filename":"dagbag.py","lineno":593}
{"timestamp":"2026-02-25T16:42:30.637356Z","level":"warning","event":"The `airflow.decorators.dag` attribute is deprecated. Please use `'airflow.sdk.dag'`.","category":"DeprecatedImportWarning","filename":"/opt/airflow/dags/1_dag_versioning.py","lineno":1,"logger":"py.warnings"}
{"timestamp":"2026-02-25T16:42:30.637588Z","level":"warning","event":"The `airflow.decorators.task` attribute is deprecated. Please use `'airflow.sdk.task'`.","category":"DeprecatedImportWarning","filename":"/opt/airflow/dags/1_dag_versioning.py","lineno":1,"logger":"py.warnings"}
{"timestamp":"2026-02-25T16:43:00.794180Z","level":"info","event":"Filling up the DagBag from /opt/airflow/dags/1_dag_versioning.py","logger":"airflow.models.dagbag.DagBag","filename":"dagbag.py","lineno":593}
{"timestamp":"2026-02-25T16:43:00.817562Z","level":"warning","event":"The `airflow.decorators.dag` attribute is deprecated. Please use `'airflow.sdk.dag'`.","category":"DeprecatedImportWarning","filename":"/opt/airflow/dags/1_dag_versioning.py","lineno":1,"logger":"py.warnings"}
{"timestamp":"2026-02-25T16:43:00.817769Z","level":"warning","event":"The `airflow.decorators.task` attribute is deprecated. Please use `'airflow.sdk.task'`.","category":"DeprecatedImportWarning","filename":"/opt/airflow/dags/1_dag_versioning.py","lineno":1,"logger":"py.warnings"}
{"timestamp":"2026-02-25T16:43:31.465286Z","level":"info","event":"Filling up the DagBag from /opt/airflow/dags/1_dag_versioning.py","logger":"airflow.models.dagbag.DagBag","filename":"dagbag.py","lineno":593}
{"timestamp":"2026-02-25T16:43:31.494288Z","level":"warning","event":"The `airflow.decorators.dag` attribute is deprecated. Please use `'airflow.sdk.dag'`.","category":"DeprecatedImportWarning","filename":"/opt/airflow/dags/1_dag_versioning.py","lineno":1,"logger":"py.warnings"}
{"timestamp":"2026-02-25T16:43:31.494463Z","level":"warning","event":"The `airflow.decorators.task` attribute is deprecated. Please use `'airflow.sdk.task'`.","category":"DeprecatedImportWarning","filename":"/opt/airflow/dags/1_dag_versioning.py","lineno":1,"logger":"py.warnings"}
